<?xml version="1.0" encoding="UTF-8"?>
<!-- Generated by org.testng.reporters.JUnitReportReporter -->
<testsuite skipped="0" hostname="DEVOPS_03" name="Test_Deploy.TestDeploy" tests="1" failures="0" timestamp="30 Jul 2018 09:25:34 GMT" time="0.476" errors="0">
  <testcase name="f" time="0.476" classname="Test_Deploy.TestDeploy"/>
</testsuite> <!-- Test_Deploy.TestDeploy -->
